{"/home/al/Code/fairybread/src/fairybread.js": {"path":"/home/al/Code/fairybread/src/fairybread.js","statementMap":{"0":{"start":{"line":2,"column":4},"end":{"line":2,"column":31}},"1":{"start":{"line":3,"column":4},"end":{"line":3,"column":25}},"2":{"start":{"line":4,"column":4},"end":{"line":4,"column":25}},"3":{"start":{"line":7,"column":19},"end":{"line":7,"column":32}},"4":{"start":{"line":8,"column":23},"end":{"line":8,"column":87}},"5":{"start":{"line":9,"column":20},"end":{"line":9,"column":48}},"6":{"start":{"line":10,"column":8},"end":{"line":10,"column":114}},"7":{"start":{"line":10,"column":41},"end":{"line":10,"column":110}},"8":{"start":{"line":11,"column":8},"end":{"line":11,"column":20}},"9":{"start":{"line":14,"column":4},"end":{"line":14,"column":23}},"10":{"start":{"line":17,"column":24},"end":{"line":17,"column":55}},"11":{"start":{"line":18,"column":8},"end":{"line":18,"column":36}},"12":{"start":{"line":19,"column":8},"end":{"line":19,"column":26}},"13":{"start":{"line":20,"column":8},"end":{"line":20,"column":37}},"14":{"start":{"line":22,"column":8},"end":{"line":22,"column":25}},"15":{"start":{"line":24,"column":4},"end":{"line":26,"column":5}},"16":{"start":{"line":25,"column":8},"end":{"line":25,"column":45}},"17":{"start":{"line":28,"column":4},"end":{"line":38,"column":5}},"18":{"start":{"line":29,"column":20},"end":{"line":29,"column":34}},"19":{"start":{"line":30,"column":22},"end":{"line":30,"column":24}},"20":{"start":{"line":31,"column":8},"end":{"line":36,"column":11}},"21":{"start":{"line":32,"column":27},"end":{"line":32,"column":42}},"22":{"start":{"line":33,"column":12},"end":{"line":35,"column":13}},"23":{"start":{"line":34,"column":16},"end":{"line":34,"column":76}},"24":{"start":{"line":37,"column":8},"end":{"line":37,"column":23}},"25":{"start":{"line":40,"column":4},"end":{"line":40,"column":38}},"26":{"start":{"line":41,"column":4},"end":{"line":41,"column":30}},"27":{"start":{"line":42,"column":4},"end":{"line":42,"column":43}},"28":{"start":{"line":43,"column":4},"end":{"line":43,"column":26}},"29":{"start":{"line":44,"column":4},"end":{"line":44,"column":20}},"30":{"start":{"line":45,"column":4},"end":{"line":45,"column":19}},"31":{"start":{"line":46,"column":4},"end":{"line":46,"column":26}},"32":{"start":{"line":50,"column":0},"end":{"line":50,"column":64}},"33":{"start":{"line":50,"column":44},"end":{"line":50,"column":62}},"34":{"start":{"line":52,"column":0},"end":{"line":52,"column":82}},"35":{"start":{"line":52,"column":52},"end":{"line":52,"column":80}},"36":{"start":{"line":54,"column":0},"end":{"line":68,"column":1}},"37":{"start":{"line":55,"column":4},"end":{"line":57,"column":5}},"38":{"start":{"line":56,"column":12},"end":{"line":56,"column":44}},"39":{"start":{"line":59,"column":4},"end":{"line":67,"column":5}},"40":{"start":{"line":60,"column":8},"end":{"line":64,"column":9}},"41":{"start":{"line":66,"column":8},"end":{"line":66,"column":66}},"42":{"start":{"line":69,"column":0},"end":{"line":109,"column":1}},"43":{"start":{"line":71,"column":21},"end":{"line":71,"column":31}},"44":{"start":{"line":72,"column":20},"end":{"line":72,"column":30}},"45":{"start":{"line":73,"column":20},"end":{"line":73,"column":34}},"46":{"start":{"line":74,"column":21},"end":{"line":74,"column":36}},"47":{"start":{"line":75,"column":19},"end":{"line":75,"column":42}},"48":{"start":{"line":78,"column":28},"end":{"line":78,"column":30}},"49":{"start":{"line":79,"column":12},"end":{"line":81,"column":15}},"50":{"start":{"line":80,"column":16},"end":{"line":80,"column":76}},"51":{"start":{"line":82,"column":12},"end":{"line":82,"column":71}},"52":{"start":{"line":83,"column":12},"end":{"line":83,"column":29}},"53":{"start":{"line":86,"column":4},"end":{"line":106,"column":5}},"54":{"start":{"line":88,"column":28},"end":{"line":88,"column":40}},"55":{"start":{"line":89,"column":12},"end":{"line":89,"column":45}},"56":{"start":{"line":90,"column":12},"end":{"line":93,"column":14}},"57":{"start":{"line":94,"column":12},"end":{"line":94,"column":18}},"58":{"start":{"line":96,"column":12},"end":{"line":96,"column":41}},"59":{"start":{"line":97,"column":12},"end":{"line":97,"column":47}},"60":{"start":{"line":98,"column":12},"end":{"line":98,"column":35}},"61":{"start":{"line":99,"column":8},"end":{"line":99,"column":14}},"62":{"start":{"line":102,"column":12},"end":{"line":102,"column":41}},"63":{"start":{"line":103,"column":12},"end":{"line":103,"column":47}},"64":{"start":{"line":104,"column":12},"end":{"line":104,"column":35}},"65":{"start":{"line":105,"column":12},"end":{"line":105,"column":18}},"66":{"start":{"line":107,"column":4},"end":{"line":107,"column":25}},"67":{"start":{"line":108,"column":4},"end":{"line":108,"column":18}},"68":{"start":{"line":112,"column":0},"end":{"line":125,"column":1}},"69":{"start":{"line":113,"column":13},"end":{"line":113,"column":27}},"70":{"start":{"line":114,"column":4},"end":{"line":124,"column":5}},"71":{"start":{"line":115,"column":24},"end":{"line":115,"column":55}},"72":{"start":{"line":116,"column":8},"end":{"line":116,"column":36}},"73":{"start":{"line":117,"column":8},"end":{"line":117,"column":26}},"74":{"start":{"line":118,"column":8},"end":{"line":118,"column":37}},"75":{"start":{"line":119,"column":8},"end":{"line":119,"column":45}},"76":{"start":{"line":120,"column":8},"end":{"line":120,"column":56}},"77":{"start":{"line":121,"column":8},"end":{"line":121,"column":43}},"78":{"start":{"line":123,"column":8},"end":{"line":123,"column":51}},"79":{"start":{"line":126,"column":0},"end":{"line":154,"column":1}},"80":{"start":{"line":128,"column":8},"end":{"line":128,"column":45}},"81":{"start":{"line":131,"column":24},"end":{"line":131,"column":55}},"82":{"start":{"line":132,"column":8},"end":{"line":132,"column":36}},"83":{"start":{"line":133,"column":8},"end":{"line":133,"column":26}},"84":{"start":{"line":134,"column":8},"end":{"line":134,"column":37}},"85":{"start":{"line":136,"column":8},"end":{"line":136,"column":25}},"86":{"start":{"line":139,"column":18},"end":{"line":139,"column":25}},"87":{"start":{"line":140,"column":21},"end":{"line":140,"column":36}},"88":{"start":{"line":141,"column":4},"end":{"line":153,"column":5}},"89":{"start":{"line":143,"column":20},"end":{"line":143,"column":25}},"90":{"start":{"line":144,"column":21},"end":{"line":144,"column":87}},"91":{"start":{"line":145,"column":8},"end":{"line":145,"column":89}},"92":{"start":{"line":145,"column":40},"end":{"line":145,"column":86}},"93":{"start":{"line":145,"column":71},"end":{"line":145,"column":84}},"94":{"start":{"line":146,"column":8},"end":{"line":152,"column":9}},"95":{"start":{"line":147,"column":28},"end":{"line":147,"column":43}},"96":{"start":{"line":148,"column":26},"end":{"line":148,"column":46}},"97":{"start":{"line":149,"column":12},"end":{"line":149,"column":54}},"98":{"start":{"line":150,"column":12},"end":{"line":150,"column":39}},"99":{"start":{"line":151,"column":12},"end":{"line":151,"column":35}},"100":{"start":{"line":158,"column":0},"end":{"line":162,"column":1}},"101":{"start":{"line":159,"column":4},"end":{"line":159,"column":32}},"102":{"start":{"line":161,"column":4},"end":{"line":161,"column":35}}},"fnMap":{"0":{"name":"Fairybread","decl":{"start":{"line":1,"column":9},"end":{"line":1,"column":19}},"loc":{"start":{"line":1,"column":31},"end":{"line":48,"column":1}},"line":1},"1":{"name":"makeId","decl":{"start":{"line":6,"column":13},"end":{"line":6,"column":19}},"loc":{"start":{"line":6,"column":22},"end":{"line":12,"column":5}},"line":6},"2":{"name":"(anonymous_2)","decl":{"start":{"line":10,"column":18},"end":{"line":10,"column":19}},"loc":{"start":{"line":10,"column":39},"end":{"line":10,"column":112}},"line":10},"3":{"name":"createSheet","decl":{"start":{"line":16,"column":13},"end":{"line":16,"column":24}},"loc":{"start":{"line":16,"column":29},"end":{"line":23,"column":5}},"line":16},"4":{"name":"(anonymous_4)","decl":{"start":{"line":24,"column":21},"end":{"line":24,"column":22}},"loc":{"start":{"line":24,"column":46},"end":{"line":26,"column":5}},"line":24},"5":{"name":"(anonymous_5)","decl":{"start":{"line":28,"column":19},"end":{"line":28,"column":20}},"loc":{"start":{"line":28,"column":34},"end":{"line":38,"column":5}},"line":28},"6":{"name":"(anonymous_6)","decl":{"start":{"line":31,"column":18},"end":{"line":31,"column":19}},"loc":{"start":{"line":31,"column":39},"end":{"line":36,"column":9}},"line":31},"7":{"name":"(anonymous_7)","decl":{"start":{"line":50,"column":30},"end":{"line":50,"column":31}},"loc":{"start":{"line":50,"column":42},"end":{"line":50,"column":64}},"line":50},"8":{"name":"(anonymous_8)","decl":{"start":{"line":52,"column":30},"end":{"line":52,"column":31}},"loc":{"start":{"line":52,"column":50},"end":{"line":52,"column":82}},"line":52},"9":{"name":"(anonymous_9)","decl":{"start":{"line":54,"column":27},"end":{"line":54,"column":28}},"loc":{"start":{"line":54,"column":54},"end":{"line":68,"column":1}},"line":54},"10":{"name":"(anonymous_10)","decl":{"start":{"line":69,"column":30},"end":{"line":69,"column":31}},"loc":{"start":{"line":69,"column":50},"end":{"line":109,"column":1}},"line":69},"11":{"name":"renderFlat","decl":{"start":{"line":77,"column":13},"end":{"line":77,"column":23}},"loc":{"start":{"line":77,"column":26},"end":{"line":84,"column":5}},"line":77},"12":{"name":"(anonymous_12)","decl":{"start":{"line":79,"column":25},"end":{"line":79,"column":26}},"loc":{"start":{"line":79,"column":40},"end":{"line":81,"column":13}},"line":79},"13":{"name":"(anonymous_13)","decl":{"start":{"line":112,"column":34},"end":{"line":112,"column":35}},"loc":{"start":{"line":112,"column":50},"end":{"line":125,"column":1}},"line":112},"14":{"name":"(anonymous_14)","decl":{"start":{"line":126,"column":30},"end":{"line":126,"column":31}},"loc":{"start":{"line":126,"column":51},"end":{"line":154,"column":1}},"line":126},"15":{"name":"bindSheet","decl":{"start":{"line":127,"column":13},"end":{"line":127,"column":22}},"loc":{"start":{"line":127,"column":38},"end":{"line":129,"column":5}},"line":127},"16":{"name":"createSheet","decl":{"start":{"line":130,"column":13},"end":{"line":130,"column":24}},"loc":{"start":{"line":130,"column":29},"end":{"line":137,"column":5}},"line":130},"17":{"name":"(anonymous_17)","decl":{"start":{"line":145,"column":19},"end":{"line":145,"column":20}},"loc":{"start":{"line":145,"column":38},"end":{"line":145,"column":88}},"line":145}},"branchMap":{"0":{"loc":{"start":{"line":33,"column":12},"end":{"line":35,"column":13}},"type":"if","locations":[{"start":{"line":33,"column":12},"end":{"line":35,"column":13}},{"start":{"line":33,"column":12},"end":{"line":35,"column":13}}],"line":33},"1":{"loc":{"start":{"line":55,"column":4},"end":{"line":57,"column":5}},"type":"if","locations":[{"start":{"line":55,"column":4},"end":{"line":57,"column":5}},{"start":{"line":55,"column":4},"end":{"line":57,"column":5}}],"line":55},"2":{"loc":{"start":{"line":59,"column":4},"end":{"line":67,"column":5}},"type":"if","locations":[{"start":{"line":59,"column":4},"end":{"line":67,"column":5}},{"start":{"line":59,"column":4},"end":{"line":67,"column":5}}],"line":59},"3":{"loc":{"start":{"line":86,"column":4},"end":{"line":106,"column":5}},"type":"switch","locations":[{"start":{"line":87,"column":8},"end":{"line":94,"column":18}},{"start":{"line":95,"column":8},"end":{"line":99,"column":14}},{"start":{"line":100,"column":8},"end":{"line":100,"column":20}},{"start":{"line":101,"column":8},"end":{"line":105,"column":18}}],"line":86},"4":{"loc":{"start":{"line":114,"column":4},"end":{"line":124,"column":5}},"type":"if","locations":[{"start":{"line":114,"column":4},"end":{"line":124,"column":5}},{"start":{"line":114,"column":4},"end":{"line":124,"column":5}}],"line":114},"5":{"loc":{"start":{"line":141,"column":4},"end":{"line":153,"column":5}},"type":"if","locations":[{"start":{"line":141,"column":4},"end":{"line":153,"column":5}},{"start":{"line":141,"column":4},"end":{"line":153,"column":5}}],"line":141},"6":{"loc":{"start":{"line":145,"column":40},"end":{"line":145,"column":86}},"type":"if","locations":[{"start":{"line":145,"column":40},"end":{"line":145,"column":86}},{"start":{"line":145,"column":40},"end":{"line":145,"column":86}}],"line":145},"7":{"loc":{"start":{"line":146,"column":8},"end":{"line":152,"column":9}},"type":"if","locations":[{"start":{"line":146,"column":8},"end":{"line":152,"column":9}},{"start":{"line":146,"column":8},"end":{"line":152,"column":9}}],"line":146},"8":{"loc":{"start":{"line":158,"column":0},"end":{"line":162,"column":1}},"type":"if","locations":[{"start":{"line":158,"column":0},"end":{"line":162,"column":1}},{"start":{"line":158,"column":0},"end":{"line":162,"column":1}}],"line":158},"9":{"loc":{"start":{"line":158,"column":4},"end":{"line":158,"column":74}},"type":"binary-expr","locations":[{"start":{"line":158,"column":4},"end":{"line":158,"column":33}},{"start":{"line":158,"column":37},"end":{"line":158,"column":74}}],"line":158}},"s":{"0":16,"1":16,"2":16,"3":32,"4":32,"5":32,"6":32,"7":640,"8":32,"9":16,"10":16,"11":16,"12":16,"13":16,"14":16,"15":16,"16":2,"17":16,"18":4,"19":4,"20":4,"21":5,"22":5,"23":4,"24":4,"25":16,"26":16,"27":16,"28":16,"29":16,"30":16,"31":16,"32":4,"33":0,"34":4,"35":2,"36":4,"37":3,"38":0,"39":3,"40":3,"41":0,"42":4,"43":3,"44":3,"45":3,"46":3,"47":3,"48":3,"49":3,"50":3,"51":3,"52":3,"53":3,"54":1,"55":1,"56":1,"57":1,"58":1,"59":1,"60":1,"61":1,"62":1,"63":1,"64":1,"65":1,"66":3,"67":3,"68":4,"69":0,"70":0,"71":0,"72":0,"73":0,"74":0,"75":0,"76":0,"77":0,"78":0,"79":4,"80":0,"81":0,"82":0,"83":0,"84":0,"85":0,"86":0,"87":0,"88":0,"89":0,"90":0,"91":0,"92":0,"93":0,"94":0,"95":0,"96":0,"97":0,"98":0,"99":0,"100":4,"101":4,"102":0},"f":{"0":16,"1":32,"2":640,"3":16,"4":2,"5":4,"6":5,"7":0,"8":2,"9":3,"10":3,"11":3,"12":3,"13":0,"14":0,"15":0,"16":0,"17":0},"b":{"0":[4,1],"1":[0,3],"2":[3,0],"3":[1,1,1,1],"4":[0,0],"5":[0,0],"6":[0,0],"7":[0,0],"8":[4,0],"9":[4,4]},"_coverageSchema":"332fd63041d2c1bcb487cc26dd0d5f7d97098a6c","hash":"433f1e943fbedb9c5fe6d14d0c0dc6df61508d6a"}
}
