TN:
SF:/home/al/Code/fairybread/src/fairybread.js
FN:1,Fairybread
FN:6,makeId
FN:10,(anonymous_2)
FN:16,createSheet
FN:24,(anonymous_4)
FN:28,(anonymous_5)
FN:31,(anonymous_6)
FN:50,(anonymous_7)
FN:52,(anonymous_8)
FN:54,(anonymous_9)
FN:69,(anonymous_10)
FN:77,renderFlat
FN:79,(anonymous_12)
FN:112,(anonymous_13)
FN:126,(anonymous_14)
FN:127,bindSheet
FN:130,createSheet
FN:145,(anonymous_17)
FNF:18
FNH:12
FNDA:16,Fairybread
FNDA:32,makeId
FNDA:640,(anonymous_2)
FNDA:16,createSheet
FNDA:2,(anonymous_4)
FNDA:4,(anonymous_5)
FNDA:5,(anonymous_6)
FNDA:0,(anonymous_7)
FNDA:2,(anonymous_8)
FNDA:3,(anonymous_9)
FNDA:3,(anonymous_10)
FNDA:3,renderFlat
FNDA:3,(anonymous_12)
FNDA:0,(anonymous_13)
FNDA:0,(anonymous_14)
FNDA:0,bindSheet
FNDA:0,createSheet
FNDA:0,(anonymous_17)
DA:2,16
DA:3,16
DA:4,16
DA:7,32
DA:8,32
DA:9,32
DA:10,640
DA:11,32
DA:14,16
DA:17,16
DA:18,16
DA:19,16
DA:20,16
DA:22,16
DA:24,16
DA:25,2
DA:28,16
DA:29,4
DA:30,4
DA:31,4
DA:32,5
DA:33,5
DA:34,4
DA:37,4
DA:40,16
DA:41,16
DA:42,16
DA:43,16
DA:44,16
DA:45,16
DA:46,16
DA:50,4
DA:52,4
DA:54,4
DA:55,3
DA:56,0
DA:59,3
DA:60,3
DA:66,0
DA:69,4
DA:71,3
DA:72,3
DA:73,3
DA:74,3
DA:75,3
DA:78,3
DA:79,3
DA:80,3
DA:82,3
DA:83,3
DA:86,3
DA:88,1
DA:89,1
DA:90,1
DA:94,1
DA:96,1
DA:97,1
DA:98,1
DA:99,1
DA:102,1
DA:103,1
DA:104,1
DA:105,1
DA:107,3
DA:108,3
DA:112,4
DA:113,0
DA:114,0
DA:115,0
DA:116,0
DA:117,0
DA:118,0
DA:119,0
DA:120,0
DA:121,0
DA:123,0
DA:126,4
DA:128,0
DA:131,0
DA:132,0
DA:133,0
DA:134,0
DA:136,0
DA:139,0
DA:140,0
DA:141,0
DA:143,0
DA:144,0
DA:145,0
DA:146,0
DA:147,0
DA:148,0
DA:149,0
DA:150,0
DA:151,0
DA:158,4
DA:159,4
DA:161,0
LF:98
LH:67
BRDA:33,0,0,4
BRDA:33,0,1,1
BRDA:55,1,0,0
BRDA:55,1,1,3
BRDA:59,2,0,3
BRDA:59,2,1,0
BRDA:86,3,0,1
BRDA:86,3,1,1
BRDA:86,3,2,1
BRDA:86,3,3,1
BRDA:114,4,0,0
BRDA:114,4,1,0
BRDA:141,5,0,0
BRDA:141,5,1,0
BRDA:145,6,0,0
BRDA:145,6,1,0
BRDA:146,7,0,0
BRDA:146,7,1,0
BRDA:158,8,0,4
BRDA:158,8,1,0
BRDA:158,9,0,4
BRDA:158,9,1,4
BRF:22
BRH:11
end_of_record
